[2025-11-19T18:42:23+00:00] INFO: Parsed fields: name=Sandesh J email=sandesh.2662@gmail.com phone=09665690480 subject=Test Subject
[2025-11-19T18:42:23+00:00] INFO: Attempting PHP mail() fallback
[2025-11-19T18:42:23+00:00] INFO: mail() returned: true (called with params: -f'contact@vizstarbuilders.com')
[2025-11-19T18:42:23+00:00] INFO: Email send succeeded, redirecting with sent=1
[2025-11-19T18:42:23+00:00] INFO: redirect: send success
[2025-11-20T20:26:24+00:00] INFO: Parsed fields: name=Sandesh J email=sandesh.2662@gmail.com phone=9665690480 subject=Test Subject
[2025-11-20T20:26:24+00:00] INFO: Attempting PHP mail() fallback
[2025-11-20T20:26:24+00:00] INFO: mail() returned: true (called with params: -f'contact@vizstarbuilders.com')
[2025-11-20T20:26:24+00:00] INFO: Email send succeeded, redirecting with sent=1
[2025-11-20T20:26:24+00:00] INFO: redirect: send success
[2025-11-20T20:27:51+00:00] INFO: Parsed fields: name=Sandesh J email=sandesh.2662@gmail.com phone=9665690480 subject=Test
[2025-11-20T20:27:51+00:00] INFO: Attempting PHP mail() fallback
[2025-11-20T20:27:51+00:00] INFO: mail() returned: true (called with params: -f'contact@vizstarbuilders.com')
[2025-11-20T20:27:51+00:00] INFO: Email send succeeded, redirecting with sent=1
[2025-11-20T20:27:51+00:00] INFO: redirect: send success
[2025-11-20T20:29:20+00:00] INFO: Parsed fields: name=Sandesh J email=sandesh.2662@gmail.com phone=9665690480 subject=Test Subject
[2025-11-20T20:29:20+00:00] INFO: Attempting PHP mail() fallback
[2025-11-20T20:29:20+00:00] INFO: mail() returned: true (called with params: -f'contact@vizstarbuilders.com')
[2025-11-20T20:29:20+00:00] INFO: Email send succeeded, redirecting with sent=1
[2025-11-20T20:29:20+00:00] INFO: redirect: send success
